0 0 0 0 0 0 your	
0 0 may need to specify padding or alternate	
0 0 pattern found in languages like	
0 0 property of jquery returns the number of elements which were is a selector for jquery to select elements which have no child or no of empty textarea is and of empty input with the class title is enable	
0 0 solid	
0 1	
0 1 0	
0 1 2 3 echo	
0 1 is 2 is 4 always 7 activesync features default 0 msexchomaadminwirelessenable select	
0 100 mytable	
0 10px	
0 2 was no space between 0 and	
0 25 thecharindex to include string identifier	
0 400px solid	
0 5 7 5	
0 5 should be 5 should be 4 because the next allowed digit going in the reverse direction it be since out of following along by that must be easiest way to think of how it will work is that you keep adding or subtracting 5 until the number falls between 0 and 5 not sure about machine dependence never seen an implementation that but i say never	
0 8 bit unsigned so allows 255 zero empty other 255 the 255 is very different to sql server always pads the data if not is no difference between and unless you want to index where you have a limit of 900 server before 7 had varchar limit of 255 and no unicode that was a	
0 a 0 a is is p p is p which is stronger than p condition reduced to p is a p is p is a p is p 1 we had p and using we may say that p covers p a b p 1 the whole condition will be reduced 1 p a tempation to reduce it further to but this reduction cover prohibition of b p therefore 1 p is the	
0 a b b sure about this added b you a b b be this would be compiler i do still not see a case where the overflow bug can be	
0 a possible valid value for the if just typecast it to null when you encounter if it is valid you can still do by wrapping it in a conditional that checks the foreign row exists	
