0 1px solid	
0 awk tr	
0 can be problematic with many persistence because they use it as some sort of sentinel value substitute for rightly or i would avoid using 0 as a primary key convention is to start at 1 and go with negative numbers likely just to confuse people for no good	
0 do should the function returns a jquery object that contains the so you just need to check the size and see if it has at least one	
0 do something	
0 export unset is the exit code of the last command which is solution is short and adapted export var unset be approximately equivalent to the above of a valid identifier will never unless done something horrible and run out of environment take whatever you want i use just to avoid possibly having a value even though not	
0 grep keys returns the values from the list on the side for which the expression in braces evaluates to a true as points you want to make sure you understand values in has a good overview of truth in likely want a look at which applies an expression in braces to each element of a list and returns the an example would 0 map 1 join join	
0 i3 statement is equivalent 0 0 so naturally it is going to have the same value as	
0 identify and implement poc project for all technical deliverables with customer acceptance if just a faux	
0 if you need to order the negative values in descending 0	
0 in for the port this will cause the system to pick a port for you out of the ephemeral port once you create the you can ask it for its which will contain the port that the server is bound	
0 is the default value for an numerical i would ask if you are that there is no mistype in the variable names used in the end	
0 is the last function called in my files it sets the height and width of the screen it does work on both emacs 22 and emacs 23 on debian and mac os set the height and width numbers according to your	
0 is the manually entered stuff this does the from programs join select id1 from where group by order by limit t on id1 id1 is not null or 0 by id works cause the id column is constantly its also pretty t is a table was my original dt from feeds where order by dt desc limit from where group by order by dt desc limit by dt	
0 or 1 with chance for return	
0 or yourcolumnname is	
0 return	
0 should also be able to pass to any method in scope that	
0 sunday 1 m y 1752 or so static int y m return	
0 will center the red will make the red div stretch to contain the two floating	
